<?xml version="1.0" encoding="UTF-8"?>
<testsuite name="com.fiap.postech.ApplicationTest" tests="1" skipped="0" failures="0" errors="0" timestamp="2024-05-19T19:09:33" hostname="MacBook-Air-de-Juliana.local" time="0.4">
  <properties/>
  <testcase name="testRoot" classname="com.fiap.postech.ApplicationTest" time="0.4"/>
  <system-out><![CDATA[2024-05-19 16:09:33.307 [Test worker @coroutine#1] TRACE i.ktor.client.plugins.HttpPlainText - Adding Accept-Charset=UTF-8 to http:///
2024-05-19 16:09:33.331 [DefaultDispatcher-worker-1 @call-context#2] INFO  ktor.test - No ktor.deployment.watch patterns specified, automatic reload is not active.
2024-05-19 16:09:33.346 [DefaultDispatcher-worker-1 @call-context#2] INFO  ktor.test - Application started in 0.022 seconds.
2024-05-19 16:09:33.349 [DefaultDispatcher-worker-3 @coroutine#4] INFO  ktor.test - Responding at http://localhost:80
2024-05-19 16:09:33.349 [DefaultDispatcher-worker-3 @coroutine#4] INFO  ktor.test - Responding at https://localhost:443
2024-05-19 16:09:33.391 [DefaultDispatcher-worker-1 @request#2] TRACE io.ktor.routing.Routing - Trace for []
/, segment:0 -> SUCCESS @ /
  /, segment:0 -> SUCCESS @ /
    /(method:GET), segment:0 -> SUCCESS @ /(method:GET)
Matched routes:
  "" -> "<slash>" -> "(method:GET)"
Route resolve result:
  SUCCESS @ /(method:GET)
2024-05-19 16:09:33.412 [Test worker @coroutine#1] TRACE i.k.client.plugins.HttpCallValidator - Validating response for request http://localhost/
2024-05-19 16:09:33.413 [Test worker @coroutine#1] TRACE i.k.c.p.DefaultResponseValidation - Skipping default response validation for http://localhost/
2024-05-19 16:09:33.546 [Test worker @coroutine#1] TRACE i.k.c.plugins.defaultTransformers - Transformed with default transformers response body for http://localhost/ to class io.ktor.utils.io.core.ByteReadPacket
]]></system-out>
  <system-err><![CDATA[]]></system-err>
</testsuite>
